  [1m[35m (446.0ms)[0m  [1m[35mCREATE DATABASE "Marketplace_development" ENCODING = 'unicode'[0m
  [1m[35m (288.3ms)[0m  [1m[35mCREATE DATABASE "Marketplace_test" ENCODING = 'unicode'[0m
  [1m[35m (58.6ms)[0m  [1m[35mCREATE TABLE "schema_migrations" ("version" character varying NOT NULL PRIMARY KEY)[0m
  [1m[35m (7.2ms)[0m  [1m[35mCREATE TABLE "ar_internal_metadata" ("key" character varying NOT NULL PRIMARY KEY, "value" character varying, "created_at" timestamp(6) NOT NULL, "updated_at" timestamp(6) NOT NULL)[0m
  [1m[35m (2.0ms)[0m  [1m[34mSELECT pg_try_advisory_lock(8559049176625533915)[0m
  [1m[35m (1.8ms)[0m  [1m[34mSELECT "schema_migrations"."version" FROM "schema_migrations" ORDER BY "schema_migrations"."version" ASC[0m
Migrating to CreateListings (20200303042757)
  [1m[35m (0.8ms)[0m  [1m[35mBEGIN[0m
  [1m[35m (12.4ms)[0m  [1m[35mCREATE TABLE "listings" ("id" bigserial primary key, "name" character varying, "breed" character varying, "price" integer, "documentation" text, "description" text, "created_at" timestamp(6) NOT NULL, "updated_at" timestamp(6) NOT NULL)[0m
  [1m[36mprimary::SchemaMigration Create (2.6ms)[0m  [1m[32mINSERT INTO "schema_migrations" ("version") VALUES ($1) RETURNING "version"[0m  [["version", "20200303042757"]]
  [1m[35m (0.9ms)[0m  [1m[35mCOMMIT[0m
  [1m[36mActiveRecord::InternalMetadata Load (1.0ms)[0m  [1m[34mSELECT "ar_internal_metadata".* FROM "ar_internal_metadata" WHERE "ar_internal_metadata"."key" = $1 LIMIT $2[0m  [["key", "environment"], ["LIMIT", 1]]
  [1m[35m (0.1ms)[0m  [1m[35mBEGIN[0m
  [1m[36mActiveRecord::InternalMetadata Create (2.0ms)[0m  [1m[32mINSERT INTO "ar_internal_metadata" ("key", "value", "created_at", "updated_at") VALUES ($1, $2, $3, $4) RETURNING "key"[0m  [["key", "environment"], ["value", "development"], ["created_at", "2020-03-03 04:31:52.397834"], ["updated_at", "2020-03-03 04:31:52.397834"]]
  [1m[35m (0.4ms)[0m  [1m[35mCOMMIT[0m
  [1m[35m (0.2ms)[0m  [1m[34mSELECT pg_advisory_unlock(8559049176625533915)[0m
  [1m[35m (1.2ms)[0m  [1m[34mSELECT "schema_migrations"."version" FROM "schema_migrations" ORDER BY "schema_migrations"."version" ASC[0m
Started GET "/" for ::1 at 2020-03-03 16:27:24 +1100
  [1m[35m (1.7ms)[0m  [1m[34mSELECT "schema_migrations"."version" FROM "schema_migrations" ORDER BY "schema_migrations"."version" ASC[0m
  
ActionController::RoutingError (uninitialized constant ListingController
Did you mean?  ListingsController):
  
activesupport (6.0.2.1) lib/active_support/inflector/methods.rb:282:in `const_get'
activesupport (6.0.2.1) lib/active_support/inflector/methods.rb:282:in `block in constantize'
activesupport (6.0.2.1) lib/active_support/inflector/methods.rb:280:in `each'
activesupport (6.0.2.1) lib/active_support/inflector/methods.rb:280:in `inject'
activesupport (6.0.2.1) lib/active_support/inflector/methods.rb:280:in `constantize'
activesupport (6.0.2.1) lib/active_support/dependencies/zeitwerk_integration.rb:19:in `constantize'
actionpack (6.0.2.1) lib/action_dispatch/http/request.rb:88:in `controller_class_for'
actionpack (6.0.2.1) lib/action_dispatch/http/request.rb:81:in `controller_class'
actionpack (6.0.2.1) lib/action_dispatch/routing/route_set.rb:45:in `controller'
actionpack (6.0.2.1) lib/action_dispatch/routing/route_set.rb:31:in `serve'
actionpack (6.0.2.1) lib/action_dispatch/journey/router.rb:49:in `block in serve'
actionpack (6.0.2.1) lib/action_dispatch/journey/router.rb:32:in `each'
actionpack (6.0.2.1) lib/action_dispatch/journey/router.rb:32:in `serve'
actionpack (6.0.2.1) lib/action_dispatch/routing/route_set.rb:837:in `call'
rack (2.2.2) lib/rack/tempfile_reaper.rb:15:in `call'
rack (2.2.2) lib/rack/etag.rb:27:in `call'
rack (2.2.2) lib/rack/conditional_get.rb:27:in `call'
rack (2.2.2) lib/rack/head.rb:12:in `call'
actionpack (6.0.2.1) lib/action_dispatch/http/content_security_policy.rb:18:in `call'
rack (2.2.2) lib/rack/session/abstract/id.rb:266:in `context'
rack (2.2.2) lib/rack/session/abstract/id.rb:260:in `call'
actionpack (6.0.2.1) lib/action_dispatch/middleware/cookies.rb:648:in `call'
activerecord (6.0.2.1) lib/active_record/migration.rb:567:in `call'
actionpack (6.0.2.1) lib/action_dispatch/middleware/callbacks.rb:27:in `block in call'
activesupport (6.0.2.1) lib/active_support/callbacks.rb:101:in `run_callbacks'
actionpack (6.0.2.1) lib/action_dispatch/middleware/callbacks.rb:26:in `call'
actionpack (6.0.2.1) lib/action_dispatch/middleware/executor.rb:14:in `call'
actionpack (6.0.2.1) lib/action_dispatch/middleware/actionable_exceptions.rb:17:in `call'
actionpack (6.0.2.1) lib/action_dispatch/middleware/debug_exceptions.rb:32:in `call'
web-console (4.0.1) lib/web_console/middleware.rb:132:in `call_app'
web-console (4.0.1) lib/web_console/middleware.rb:28:in `block in call'
web-console (4.0.1) lib/web_console/middleware.rb:17:in `catch'
web-console (4.0.1) lib/web_console/middleware.rb:17:in `call'
actionpack (6.0.2.1) lib/action_dispatch/middleware/show_exceptions.rb:33:in `call'
railties (6.0.2.1) lib/rails/rack/logger.rb:38:in `call_app'
railties (6.0.2.1) lib/rails/rack/logger.rb:26:in `block in call'
activesupport (6.0.2.1) lib/active_support/tagged_logging.rb:80:in `block in tagged'
activesupport (6.0.2.1) lib/active_support/tagged_logging.rb:28:in `tagged'
activesupport (6.0.2.1) lib/active_support/tagged_logging.rb:80:in `tagged'
railties (6.0.2.1) lib/rails/rack/logger.rb:26:in `call'
sprockets-rails (3.2.1) lib/sprockets/rails/quiet_assets.rb:13:in `call'
actionpack (6.0.2.1) lib/action_dispatch/middleware/remote_ip.rb:81:in `call'
actionpack (6.0.2.1) lib/action_dispatch/middleware/request_id.rb:27:in `call'
rack (2.2.2) lib/rack/method_override.rb:24:in `call'
rack (2.2.2) lib/rack/runtime.rb:22:in `call'
activesupport (6.0.2.1) lib/active_support/cache/strategy/local_cache_middleware.rb:29:in `call'
actionpack (6.0.2.1) lib/action_dispatch/middleware/executor.rb:14:in `call'
actionpack (6.0.2.1) lib/action_dispatch/middleware/static.rb:126:in `call'
rack (2.2.2) lib/rack/sendfile.rb:110:in `call'
actionpack (6.0.2.1) lib/action_dispatch/middleware/host_authorization.rb:83:in `call'
webpacker (4.2.2) lib/webpacker/dev_server_proxy.rb:23:in `perform_request'
rack-proxy (0.6.5) lib/rack/proxy.rb:57:in `call'
railties (6.0.2.1) lib/rails/engine.rb:526:in `call'
puma (4.3.3) lib/puma/configuration.rb:228:in `call'
puma (4.3.3) lib/puma/server.rb:682:in `handle_request'
puma (4.3.3) lib/puma/server.rb:472:in `process_client'
puma (4.3.3) lib/puma/server.rb:328:in `block in run'
puma (4.3.3) lib/puma/thread_pool.rb:134:in `block in spawn_thread'
Started GET "/" for ::1 at 2020-03-03 16:27:48 +1100
  
SyntaxError (/Users/tx/Code/C2C-Marketplace/app/controllers/listings_controller.rb:42: syntax error, unexpected end-of-input, expecting keyword_end):
  
app/controllers/listings_controller.rb:42: syntax error, unexpected end-of-input, expecting keyword_end
app/controllers/listings_controller.rb:42: syntax error, unexpected end-of-input, expecting keyword_end
app/controllers/listings_controller.rb:42: syntax error, unexpected end-of-input, expecting keyword_end
Started GET "/" for ::1 at 2020-03-03 16:28:18 +1100
Processing by ListingsController#index as HTML
  Rendering listings/index.html.erb within layouts/application
  Rendered listings/index.html.erb within layouts/application (Duration: 2.3ms | Allocations: 1442)
Completed 500 Internal Server Error in 8ms (ActiveRecord: 0.0ms | Allocations: 3511)


  
ActionView::Template::Error (undefined method `each' for nil:NilClass):
    1: <h1> All Listings </h1>
    2: 
    3: <% @listings.each do |listing| %>
    4:   <p>
    5:     <%= listing.name %>
    6:     <%= listing.breed %>
  
app/views/listings/index.html.erb:3
Started GET "/" for ::1 at 2020-03-03 16:29:07 +1100
Processing by ListingsController#index as HTML
  Rendering listings/index.html.erb within layouts/application
  [1m[36mListing Load (4.0ms)[0m  [1m[34mSELECT "listings".* FROM "listings"[0m
  ↳ app/views/listings/index.html.erb:3
  Rendered listings/index.html.erb within layouts/application (Duration: 10.5ms | Allocations: 1506)
[Webpacker] Compiling...
[Webpacker] Compiled all packs in /Users/tx/Code/C2C-Marketplace/public/packs
[Webpacker] Hash: 32e57f147dbdcbbf0c82
Version: webpack 4.42.0
Time: 1982ms
Built at: 03/03/2020 4:29:11 PM
                                     Asset       Size       Chunks                         Chunk Names
    js/application-bbe9c4a129ab949e0636.js    124 KiB  application  [emitted] [immutable]  application
js/application-bbe9c4a129ab949e0636.js.map    139 KiB  application  [emitted] [dev]        application
                             manifest.json  364 bytes               [emitted]              
Entrypoint application = js/application-bbe9c4a129ab949e0636.js js/application-bbe9c4a129ab949e0636.js.map
[./app/javascript/channels sync recursive _channel\.js$] ./app/javascript/channels sync _channel\.js$ 160 bytes {application} [built]
[./app/javascript/channels/index.js] 211 bytes {application} [built]
[./app/javascript/packs/application.js] 749 bytes {application} [built]
[./node_modules/webpack/buildin/module.js] (webpack)/buildin/module.js 552 bytes {application} [built]
    + 3 hidden modules

Completed 200 OK in 4682ms (Views: 4672.8ms | ActiveRecord: 7.0ms | Allocations: 20829)


Started GET "/" for ::1 at 2020-03-03 16:30:52 +1100
Processing by ListingsController#index as HTML
  Rendering listings/index.html.erb within layouts/application
  [1m[36mListing Load (0.5ms)[0m  [1m[34mSELECT "listings".* FROM "listings"[0m
  ↳ app/views/listings/index.html.erb:3
  Rendered listings/index.html.erb within layouts/application (Duration: 5.2ms | Allocations: 1300)
[Webpacker] Everything's up-to-date. Nothing to do
Completed 200 OK in 28ms (Views: 21.6ms | ActiveRecord: 2.3ms | Allocations: 7145)


Started GET "/" for ::1 at 2020-03-03 17:40:22 +1100
  [1m[35m (0.8ms)[0m  [1m[34mSELECT "schema_migrations"."version" FROM "schema_migrations" ORDER BY "schema_migrations"."version" ASC[0m
  
SyntaxError (/Users/tx/Code/C2C-Marketplace/app/controllers/listings_controller.rb:50: syntax error, unexpected end-of-input, expecting keyword_end):
  
app/controllers/listings_controller.rb:50: syntax error, unexpected end-of-input, expecting keyword_end
app/controllers/listings_controller.rb:50: syntax error, unexpected end-of-input, expecting keyword_end
app/controllers/listings_controller.rb:50: syntax error, unexpected end-of-input, expecting keyword_end
Started GET "/" for ::1 at 2020-03-03 17:40:35 +1100
Processing by ListingsController#index as HTML
  Rendering listings/index.html.erb within layouts/application
  [1m[36mListing Load (1.0ms)[0m  [1m[34mSELECT "listings".* FROM "listings"[0m
  ↳ app/views/listings/index.html.erb:4
  Rendered listings/index.html.erb within layouts/application (Duration: 6.8ms | Allocations: 1594)
[Webpacker] Everything's up-to-date. Nothing to do
Completed 200 OK in 41ms (Views: 33.7ms | ActiveRecord: 3.7ms | Allocations: 9668)


Started GET "/" for ::1 at 2020-03-03 17:44:18 +1100
Processing by ListingsController#index as HTML
  Rendering listings/index.html.erb within layouts/application
  [1m[36mListing Load (0.6ms)[0m  [1m[34mSELECT "listings".* FROM "listings"[0m
  ↳ app/views/listings/index.html.erb:4
  Rendered listings/index.html.erb within layouts/application (Duration: 6.2ms | Allocations: 903)
[Webpacker] Everything's up-to-date. Nothing to do
Completed 200 OK in 51ms (Views: 43.1ms | ActiveRecord: 0.6ms | Allocations: 6308)


Started GET "/" for ::1 at 2020-03-03 17:44:28 +1100
Processing by ListingsController#index as HTML
  Rendering listings/index.html.erb within layouts/application
  [1m[36mListing Load (1.0ms)[0m  [1m[34mSELECT "listings".* FROM "listings"[0m
  ↳ app/views/listings/index.html.erb:4
  Rendered listings/index.html.erb within layouts/application (Duration: 6.6ms | Allocations: 891)
[Webpacker] Everything's up-to-date. Nothing to do
Completed 200 OK in 45ms (Views: 40.3ms | ActiveRecord: 1.0ms | Allocations: 6280)


Started GET "/listings/new" for ::1 at 2020-03-03 17:44:42 +1100
Processing by ListingsController#new as HTML
  Rendering listings/new.html.erb within layouts/application
  Rendered listings/_form.html.erb (Duration: 44.1ms | Allocations: 10578)
  Rendered listings/new.html.erb within layouts/application (Duration: 45.7ms | Allocations: 10936)
[Webpacker] Everything's up-to-date. Nothing to do
Completed 200 OK in 118ms (Views: 63.6ms | ActiveRecord: 21.0ms | Allocations: 21566)


Started GET "/listings" for ::1 at 2020-03-03 17:44:54 +1100
Processing by ListingsController#index as HTML
  Rendering listings/index.html.erb within layouts/application
  [1m[36mListing Load (0.9ms)[0m  [1m[34mSELECT "listings".* FROM "listings"[0m
  ↳ app/views/listings/index.html.erb:4
  Rendered listings/index.html.erb within layouts/application (Duration: 4.0ms | Allocations: 890)
[Webpacker] Everything's up-to-date. Nothing to do
Completed 200 OK in 25ms (Views: 21.7ms | ActiveRecord: 0.9ms | Allocations: 5488)


